# JRE version: OpenJDK Runtime Environment (8.0_45-b14) (build 1.8.0_45-internal-b14)
# Java VM: OpenJDK 64-Bit Server VM (25.45-b02 mixed mode linux-amd64 compressed oops)
Heap:
 PSYoungGen      total 213504K, used 6673K [0x00000000eab00000, 0x00000000f8700000, 0x0000000100000000)
  eden space 202240K, 0% used [0x00000000eab00000,0x00000000eab00000,0x00000000f7080000)
  from space 11264K, 59% used [0x00000000f7080000,0x00000000f7704470,0x00000000f7b80000)
  to   space 10752K, 0% used [0x00000000f7b80000,0x00000000f7b80000,0x00000000f8600000)
 ParOldGen       total 49664K, used 45055K [0x00000000c0000000, 0x00000000c3080000, 0x00000000eab00000)
  object space 49664K, 90% used [0x00000000c0000000,0x00000000c2bffe78,0x00000000c3080000)
 Metaspace       used 7519K, capacity 8030K, committed 8192K, reserved 1056768K
  class space    used 689K, capacity 721K, committed 768K, reserved 1048576K
GC Heap History (10 events):
Event: 3.604 GC heap after
Heap after GC invocations=6 (full 0):
 PSYoungGen      total 73216K, used 7200K [0x00000000eab00000, 0x00000000efc00000, 0x0000000100000000)
  eden space 63488K, 0% used [0x00000000eab00000,0x00000000eab00000,0x00000000ee900000)
  from space 9728K, 74% used [0x00000000ef280000,0x00000000ef9881d8,0x00000000efc00000)
  to   space 9728K, 0% used [0x00000000ee900000,0x00000000ee900000,0x00000000ef280000)
 ParOldGen       total 42496K, used 18931K [0x00000000c0000000, 0x00000000c2980000, 0x00000000eab00000)
  object space 42496K, 44% used [0x00000000c0000000,0x00000000c127cf80,0x00000000c2980000)
 Metaspace       used 7389K, capacity 8024K, committed 8192K, reserved 1056768K
  class space    used 681K, capacity 720K, committed 768K, reserved 1048576K
}
Event: 3.941 GC heap before
{Heap before GC invocations=7 (full 0):
 PSYoungGen      total 73216K, used 70688K [0x00000000eab00000, 0x00000000efc00000, 0x0000000100000000)
  eden space 63488K, 100% used [0x00000000eab00000,0x00000000ee900000,0x00000000ee900000)
  from space 9728K, 74% used [0x00000000ef280000,0x00000000ef9881d8,0x00000000efc00000)
  to   space 9728K, 0% used [0x00000000ee900000,0x00000000ee900000,0x00000000ef280000)
 ParOldGen       total 42496K, used 18931K [0x00000000c0000000, 0x00000000c2980000, 0x00000000eab00000)
  object space 42496K, 44% used [0x00000000c0000000,0x00000000c127cf80,0x00000000c2980000)
 Metaspace       used 7487K, capacity 8030K, committed 8192K, reserved 1056768K
  class space    used 689K, capacity 721K, committed 768K, reserved 1048576K
Event: 3.991 GC heap after
Heap after GC invocations=7 (full 0):
 PSYoungGen      total 73216K, used 8134K [0x00000000eab00000, 0x00000000f3b00000, 0x0000000100000000)
  eden space 63488K, 0% used [0x00000000eab00000,0x00000000eab00000,0x00000000ee900000)
  from space 9728K, 83% used [0x00000000ee900000,0x00000000ef0f18f8,0x00000000ef280000)
  to   space 10240K, 0% used [0x00000000f3100000,0x00000000f3100000,0x00000000f3b00000)
 ParOldGen       total 42496K, used 20408K [0x00000000c0000000, 0x00000000c2980000, 0x00000000eab00000)
  object space 42496K, 48% used [0x00000000c0000000,0x00000000c13ee368,0x00000000c2980000)
 Metaspace       used 7487K, capacity 8030K, committed 8192K, reserved 1056768K
  class space    used 689K, capacity 721K, committed 768K, reserved 1048576K
}
Event: 4.201 GC heap before
{Heap before GC invocations=8 (full 0):
 PSYoungGen      total 73216K, used 71622K [0x00000000eab00000, 0x00000000f3b00000, 0x0000000100000000)
  eden space 63488K, 100% used [0x00000000eab00000,0x00000000ee900000,0x00000000ee900000)
  from space 9728K, 83% used [0x00000000ee900000,0x00000000ef0f18f8,0x00000000ef280000)
  to   space 10240K, 0% used [0x00000000f3100000,0x00000000f3100000,0x00000000f3b00000)
 ParOldGen       total 42496K, used 20408K [0x00000000c0000000, 0x00000000c2980000, 0x00000000eab00000)
  object space 42496K, 48% used [0x00000000c0000000,0x00000000c13ee368,0x00000000c2980000)
 Metaspace       used 7499K, capacity 8030K, committed 8192K, reserved 1056768K
  class space    used 689K, capacity 721K, committed 768K, reserved 1048576K
Event: 4.228 GC heap after
Heap after GC invocations=8 (full 0):
 PSYoungGen      total 136704K, used 9099K [0x00000000eab00000, 0x00000000f3c00000, 0x0000000100000000)
  eden space 126464K, 0% used [0x00000000eab00000,0x00000000eab00000,0x00000000f2680000)
  from space 10240K, 88% used [0x00000000f3100000,0x00000000f39e2c70,0x00000000f3b00000)
  to   space 10752K, 0% used [0x00000000f2680000,0x00000000f2680000,0x00000000f3100000)
 ParOldGen       total 42496K, used 22970K [0x00000000c0000000, 0x00000000c2980000, 0x00000000eab00000)
  object space 42496K, 54% used [0x00000000c0000000,0x00000000c166e910,0x00000000c2980000)
 Metaspace       used 7499K, capacity 8030K, committed 8192K, reserved 1056768K
  class space    used 689K, capacity 721K, committed 768K, reserved 1048576K
}
Event: 4.637 GC heap before
{Heap before GC invocations=9 (full 0):
 PSYoungGen      total 136704K, used 135563K [0x00000000eab00000, 0x00000000f3c00000, 0x0000000100000000)
  eden space 126464K, 100% used [0x00000000eab00000,0x00000000f2680000,0x00000000f2680000)
  from space 10240K, 88% used [0x00000000f3100000,0x00000000f39e2c70,0x00000000f3b00000)
  to   space 10752K, 0% used [0x00000000f2680000,0x00000000f2680000,0x00000000f3100000)
 ParOldGen       total 42496K, used 22970K [0x00000000c0000000, 0x00000000c2980000, 0x00000000eab00000)
  object space 42496K, 54% used [0x00000000c0000000,0x00000000c166e910,0x00000000c2980000)
 Metaspace       used 7504K, capacity 8030K, committed 8192K, reserved 1056768K
  class space    used 689K, capacity 721K, committed 768K, reserved 1048576K
Event: 4.652 GC heap after
Heap after GC invocations=9 (full 0):
 PSYoungGen      total 137216K, used 8107K [0x00000000eab00000, 0x00000000f8600000, 0x0000000100000000)
  eden space 126464K, 0% used [0x00000000eab00000,0x00000000eab00000,0x00000000f2680000)
  from space 10752K, 75% used [0x00000000f2680000,0x00000000f2e6af70,0x00000000f3100000)
  to   space 10752K, 0% used [0x00000000f7b80000,0x00000000f7b80000,0x00000000f8600000)
 ParOldGen       total 42496K, used 24659K [0x00000000c0000000, 0x00000000c2980000, 0x00000000eab00000)
  object space 42496K, 58% used [0x00000000c0000000,0x00000000c1814f88,0x00000000c2980000)
 Metaspace       used 7504K, capacity 8030K, committed 8192K, reserved 1056768K
  class space    used 689K, capacity 721K, committed 768K, reserved 1048576K
}
Event: 4.864 GC heap before
{Heap before GC invocations=10 (full 0):
 PSYoungGen      total 137216K, used 133258K [0x00000000eab00000, 0x00000000f8600000, 0x0000000100000000)
  eden space 126464K, 98% used [0x00000000eab00000,0x00000000f2537b38,0x00000000f2680000)
  from space 10752K, 75% used [0x00000000f2680000,0x00000000f2e6af70,0x00000000f3100000)
  to   space 10752K, 0% used [0x00000000f7b80000,0x00000000f7b80000,0x00000000f8600000)
 ParOldGen       total 42496K, used 24659K [0x00000000c0000000, 0x00000000c2980000, 0x00000000eab00000)
  object space 42496K, 58% used [0x00000000c0000000,0x00000000c1814f88,0x00000000c2980000)
 Metaspace       used 7510K, capacity 8030K, committed 8192K, reserved 1056768K
  class space    used 689K, capacity 721K, committed 768K, reserved 1048576K
Event: 4.896 GC heap after
Heap after GC invocations=10 (full 0):
 PSYoungGen      total 212992K, used 9277K [0x00000000eab00000, 0x00000000f8700000, 0x0000000100000000)
  eden space 202240K, 0% used [0x00000000eab00000,0x00000000eab00000,0x00000000f7080000)
  from space 10752K, 86% used [0x00000000f7b80000,0x00000000f848f7a0,0x00000000f8600000)
  to   space 11264K, 0% used [0x00000000f7080000,0x00000000f7080000,0x00000000f7b80000)
 ParOldGen       total 42496K, used 24683K [0x00000000c0000000, 0x00000000c2980000, 0x00000000eab00000)
  object space 42496K, 58% used [0x00000000c0000000,0x00000000c181af88,0x00000000c2980000)
 Metaspace       used 7510K, capacity 8030K, committed 8192K, reserved 1056768K
  class space    used 689K, capacity 721K, committed 768K, reserved 1048576K
}
Event: 5.374 GC heap before
{Heap before GC invocations=11 (full 0):
 PSYoungGen      total 212992K, used 211517K [0x00000000eab00000, 0x00000000f8700000, 0x0000000100000000)
  eden space 202240K, 100% used [0x00000000eab00000,0x00000000f7080000,0x00000000f7080000)
  from space 10752K, 86% used [0x00000000f7b80000,0x00000000f848f7a0,0x00000000f8600000)
  to   space 11264K, 0% used [0x00000000f7080000,0x00000000f7080000,0x00000000f7b80000)
 ParOldGen       total 42496K, used 24683K [0x00000000c0000000, 0x00000000c2980000, 0x00000000eab00000)
  object space 42496K, 58% used [0x00000000c0000000,0x00000000c181af88,0x00000000c2980000)
 Metaspace       used 7519K, capacity 8030K, committed 8192K, reserved 1056768K
  class space    used 689K, capacity 721K, committed 768K, reserved 1048576K

