# JRE version: OpenJDK Runtime Environment (8.0_45-b14) (build 1.8.0_45-internal-b14)
# Java VM: OpenJDK 64-Bit Server VM (25.45-b02 mixed mode linux-amd64 compressed oops)
Heap:
 PSYoungGen      total 265216K, used 14319K [0x00000000eab00000, 0x00000000fbc00000, 0x0000000100000000)
  eden space 250880K, 0% used [0x00000000eab00000,0x00000000eab00000,0x00000000fa000000)
  from space 14336K, 99% used [0x00000000fa000000,0x00000000fadfbf78,0x00000000fae00000)
  to   space 14336K, 0% used [0x00000000fae00000,0x00000000fae00000,0x00000000fbc00000)
 ParOldGen       total 42496K, used 39274K [0x00000000c0000000, 0x00000000c2980000, 0x00000000eab00000)
  object space 42496K, 92% used [0x00000000c0000000,0x00000000c265a9f8,0x00000000c2980000)
 Metaspace       used 7543K, capacity 8094K, committed 8192K, reserved 1056768K
  class space    used 690K, capacity 721K, committed 768K, reserved 1048576K
GC Heap History (10 events):
Event: 2.592 GC heap after
Heap after GC invocations=4 (full 0):
 PSYoungGen      total 66048K, used 2550K [0x00000000eab00000, 0x00000000eee00000, 0x0000000100000000)
  eden space 63488K, 0% used [0x00000000eab00000,0x00000000eab00000,0x00000000ee900000)
  from space 2560K, 99% used [0x00000000eeb80000,0x00000000eedfd9c0,0x00000000eee00000)
  to   space 2560K, 0% used [0x00000000ee900000,0x00000000ee900000,0x00000000eeb80000)
 ParOldGen       total 42496K, used 19088K [0x00000000c0000000, 0x00000000c2980000, 0x00000000eab00000)
  object space 42496K, 44% used [0x00000000c0000000,0x00000000c12a42d0,0x00000000c2980000)
 Metaspace       used 7335K, capacity 7992K, committed 8192K, reserved 1056768K
  class space    used 680K, capacity 688K, committed 768K, reserved 1048576K
}
Event: 3.036 GC heap before
{Heap before GC invocations=5 (full 0):
 PSYoungGen      total 66048K, used 66038K [0x00000000eab00000, 0x00000000eee00000, 0x0000000100000000)
  eden space 63488K, 100% used [0x00000000eab00000,0x00000000ee900000,0x00000000ee900000)
  from space 2560K, 99% used [0x00000000eeb80000,0x00000000eedfd9c0,0x00000000eee00000)
  to   space 2560K, 0% used [0x00000000ee900000,0x00000000ee900000,0x00000000eeb80000)
 ParOldGen       total 42496K, used 19088K [0x00000000c0000000, 0x00000000c2980000, 0x00000000eab00000)
  object space 42496K, 44% used [0x00000000c0000000,0x00000000c12a42d0,0x00000000c2980000)
 Metaspace       used 7415K, capacity 8024K, committed 8192K, reserved 1056768K
  class space    used 681K, capacity 720K, committed 768K, reserved 1048576K
Event: 3.056 GC heap after
Heap after GC invocations=5 (full 0):
 PSYoungGen      total 66048K, used 2538K [0x00000000eab00000, 0x00000000f3e00000, 0x0000000100000000)
  eden space 63488K, 0% used [0x00000000eab00000,0x00000000eab00000,0x00000000ee900000)
  from space 2560K, 99% used [0x00000000ee900000,0x00000000eeb7ab98,0x00000000eeb80000)
  to   space 11776K, 0% used [0x00000000f3280000,0x00000000f3280000,0x00000000f3e00000)
 ParOldGen       total 42496K, used 20966K [0x00000000c0000000, 0x00000000c2980000, 0x00000000eab00000)
  object space 42496K, 49% used [0x00000000c0000000,0x00000000c1479a50,0x00000000c2980000)
 Metaspace       used 7415K, capacity 8024K, committed 8192K, reserved 1056768K
  class space    used 681K, capacity 720K, committed 768K, reserved 1048576K
}
Event: 3.260 GC heap before
{Heap before GC invocations=6 (full 0):
 PSYoungGen      total 66048K, used 66026K [0x00000000eab00000, 0x00000000f3e00000, 0x0000000100000000)
  eden space 63488K, 100% used [0x00000000eab00000,0x00000000ee900000,0x00000000ee900000)
  from space 2560K, 99% used [0x00000000ee900000,0x00000000eeb7ab98,0x00000000eeb80000)
  to   space 11776K, 0% used [0x00000000f3280000,0x00000000f3280000,0x00000000f3e00000)
 ParOldGen       total 42496K, used 20966K [0x00000000c0000000, 0x00000000c2980000, 0x00000000eab00000)
  object space 42496K, 49% used [0x00000000c0000000,0x00000000c1479a50,0x00000000c2980000)
 Metaspace       used 7506K, capacity 8030K, committed 8192K, reserved 1056768K
  class space    used 690K, capacity 721K, committed 768K, reserved 1048576K
Event: 3.287 GC heap after
Heap after GC invocations=6 (full 0):
 PSYoungGen      total 137216K, used 10942K [0x00000000eab00000, 0x00000000f4100000, 0x0000000100000000)
  eden space 125440K, 0% used [0x00000000eab00000,0x00000000eab00000,0x00000000f2580000)
  from space 11776K, 92% used [0x00000000f3280000,0x00000000f3d2f938,0x00000000f3e00000)
  to   space 13312K, 0% used [0x00000000f2580000,0x00000000f2580000,0x00000000f3280000)
 ParOldGen       total 42496K, used 23827K [0x00000000c0000000, 0x00000000c2980000, 0x00000000eab00000)
  object space 42496K, 56% used [0x00000000c0000000,0x00000000c1744c40,0x00000000c2980000)
 Metaspace       used 7506K, capacity 8030K, committed 8192K, reserved 1056768K
  class space    used 690K, capacity 721K, committed 768K, reserved 1048576K
}
Event: 3.734 GC heap before
{Heap before GC invocations=7 (full 0):
 PSYoungGen      total 137216K, used 136382K [0x00000000eab00000, 0x00000000f4100000, 0x0000000100000000)
  eden space 125440K, 100% used [0x00000000eab00000,0x00000000f2580000,0x00000000f2580000)
  from space 11776K, 92% used [0x00000000f3280000,0x00000000f3d2f938,0x00000000f3e00000)
  to   space 13312K, 0% used [0x00000000f2580000,0x00000000f2580000,0x00000000f3280000)
 ParOldGen       total 42496K, used 23827K [0x00000000c0000000, 0x00000000c2980000, 0x00000000eab00000)
  object space 42496K, 56% used [0x00000000c0000000,0x00000000c1744c40,0x00000000c2980000)
 Metaspace       used 7522K, capacity 8030K, committed 8192K, reserved 1056768K
  class space    used 690K, capacity 721K, committed 768K, reserved 1048576K
Event: 3.755 GC heap after
Heap after GC invocations=7 (full 0):
 PSYoungGen      total 138752K, used 10916K [0x00000000eab00000, 0x00000000fbc00000, 0x0000000100000000)
  eden space 125440K, 0% used [0x00000000eab00000,0x00000000eab00000,0x00000000f2580000)
  from space 13312K, 82% used [0x00000000f2580000,0x00000000f30293f0,0x00000000f3280000)
  to   space 14336K, 0% used [0x00000000fae00000,0x00000000fae00000,0x00000000fbc00000)
 ParOldGen       total 42496K, used 24967K [0x00000000c0000000, 0x00000000c2980000, 0x00000000eab00000)
  object space 42496K, 58% used [0x00000000c0000000,0x00000000c1861cc8,0x00000000c2980000)
 Metaspace       used 7522K, capacity 8030K, committed 8192K, reserved 1056768K
  class space    used 690K, capacity 721K, committed 768K, reserved 1048576K
}
Event: 3.989 GC heap before
{Heap before GC invocations=8 (full 0):
 PSYoungGen      total 138752K, used 135602K [0x00000000eab00000, 0x00000000fbc00000, 0x0000000100000000)
  eden space 125440K, 99% used [0x00000000eab00000,0x00000000f24c3518,0x00000000f2580000)
  from space 13312K, 82% used [0x00000000f2580000,0x00000000f30293f0,0x00000000f3280000)
  to   space 14336K, 0% used [0x00000000fae00000,0x00000000fae00000,0x00000000fbc00000)
 ParOldGen       total 42496K, used 24967K [0x00000000c0000000, 0x00000000c2980000, 0x00000000eab00000)
  object space 42496K, 58% used [0x00000000c0000000,0x00000000c1861cc8,0x00000000c2980000)
 Metaspace       used 7530K, capacity 8030K, committed 8192K, reserved 1056768K
  class space    used 690K, capacity 721K, committed 768K, reserved 1048576K
Event: 4.002 GC heap after
Heap after GC invocations=8 (full 0):
 PSYoungGen      total 265216K, used 4862K [0x00000000eab00000, 0x00000000fbc00000, 0x0000000100000000)
  eden space 250880K, 0% used [0x00000000eab00000,0x00000000eab00000,0x00000000fa000000)
  from space 14336K, 33% used [0x00000000fae00000,0x00000000fb2bfae0,0x00000000fbc00000)
  to   space 14336K, 0% used [0x00000000fa000000,0x00000000fa000000,0x00000000fae00000)
 ParOldGen       total 42496K, used 26680K [0x00000000c0000000, 0x00000000c2980000, 0x00000000eab00000)
  object space 42496K, 62% used [0x00000000c0000000,0x00000000c1a0e360,0x00000000c2980000)
 Metaspace       used 7530K, capacity 8030K, committed 8192K, reserved 1056768K
  class space    used 690K, capacity 721K, committed 768K, reserved 1048576K
}
Event: 4.631 GC heap before
{Heap before GC invocations=9 (full 0):
 PSYoungGen      total 265216K, used 255742K [0x00000000eab00000, 0x00000000fbc00000, 0x0000000100000000)
  eden space 250880K, 100% used [0x00000000eab00000,0x00000000fa000000,0x00000000fa000000)
  from space 14336K, 33% used [0x00000000fae00000,0x00000000fb2bfae0,0x00000000fbc00000)
  to   space 14336K, 0% used [0x00000000fa000000,0x00000000fa000000,0x00000000fae00000)
 ParOldGen       total 42496K, used 26680K [0x00000000c0000000, 0x00000000c2980000, 0x00000000eab00000)
  object space 42496K, 62% used [0x00000000c0000000,0x00000000c1a0e360,0x00000000c2980000)
 Metaspace       used 7543K, capacity 8094K, committed 8192K, reserved 1056768K
  class space    used 690K, capacity 721K, committed 768K, reserved 1048576K

