# JRE version: OpenJDK Runtime Environment (8.0_45-b14) (build 1.8.0_45-internal-b14)
# Java VM: OpenJDK 64-Bit Server VM (25.45-b02 mixed mode linux-amd64 compressed oops)
Heap:
 PSYoungGen      total 213504K, used 12269K [0x00000000eab00000, 0x00000000f8800000, 0x0000000100000000)
  eden space 201216K, 0% used [0x00000000eab00000,0x00000000eab00000,0x00000000f6f80000)
  from space 12288K, 99% used [0x00000000f6f80000,0x00000000f7b7b650,0x00000000f7b80000)
  to   space 11776K, 0% used [0x00000000f7b80000,0x00000000f7b80000,0x00000000f8700000)
 ParOldGen       total 42496K, used 36315K [0x00000000c0000000, 0x00000000c2980000, 0x00000000eab00000)
  object space 42496K, 85% used [0x00000000c0000000,0x00000000c2376ff8,0x00000000c2980000)
 Metaspace       used 7401K, capacity 7902K, committed 8192K, reserved 1056768K
  class space    used 687K, capacity 721K, committed 768K, reserved 1048576K
GC Heap History (10 events):
Event: 9.112 GC heap after
Heap after GC invocations=6 (full 0):
 PSYoungGen      total 73216K, used 7008K [0x00000000eab00000, 0x00000000efc00000, 0x0000000100000000)
  eden space 63488K, 0% used [0x00000000eab00000,0x00000000eab00000,0x00000000ee900000)
  from space 9728K, 72% used [0x00000000ef280000,0x00000000ef9581f0,0x00000000efc00000)
  to   space 9728K, 0% used [0x00000000ee900000,0x00000000ee900000,0x00000000ef280000)
 ParOldGen       total 42496K, used 17229K [0x00000000c0000000, 0x00000000c2980000, 0x00000000eab00000)
  object space 42496K, 40% used [0x00000000c0000000,0x00000000c10d37d8,0x00000000c2980000)
 Metaspace       used 7265K, capacity 7896K, committed 8192K, reserved 1056768K
  class space    used 678K, capacity 720K, committed 768K, reserved 1048576K
}
Event: 9.399 GC heap before
{Heap before GC invocations=7 (full 0):
 PSYoungGen      total 73216K, used 70496K [0x00000000eab00000, 0x00000000efc00000, 0x0000000100000000)
  eden space 63488K, 100% used [0x00000000eab00000,0x00000000ee900000,0x00000000ee900000)
  from space 9728K, 72% used [0x00000000ef280000,0x00000000ef9581f0,0x00000000efc00000)
  to   space 9728K, 0% used [0x00000000ee900000,0x00000000ee900000,0x00000000ef280000)
 ParOldGen       total 42496K, used 17229K [0x00000000c0000000, 0x00000000c2980000, 0x00000000eab00000)
  object space 42496K, 40% used [0x00000000c0000000,0x00000000c10d37d8,0x00000000c2980000)
 Metaspace       used 7364K, capacity 7902K, committed 8192K, reserved 1056768K
  class space    used 687K, capacity 721K, committed 768K, reserved 1048576K
Event: 9.413 GC heap after
Heap after GC invocations=7 (full 0):
 PSYoungGen      total 73216K, used 9554K [0x00000000eab00000, 0x00000000f3d00000, 0x0000000100000000)
  eden space 63488K, 0% used [0x00000000eab00000,0x00000000eab00000,0x00000000ee900000)
  from space 9728K, 98% used [0x00000000ee900000,0x00000000ef254940,0x00000000ef280000)
  to   space 11264K, 0% used [0x00000000f3200000,0x00000000f3200000,0x00000000f3d00000)
 ParOldGen       total 42496K, used 17914K [0x00000000c0000000, 0x00000000c2980000, 0x00000000eab00000)
  object space 42496K, 42% used [0x00000000c0000000,0x00000000c117ead8,0x00000000c2980000)
 Metaspace       used 7364K, capacity 7902K, committed 8192K, reserved 1056768K
  class space    used 687K, capacity 721K, committed 768K, reserved 1048576K
}
Event: 9.562 GC heap before
{Heap before GC invocations=8 (full 0):
 PSYoungGen      total 73216K, used 73042K [0x00000000eab00000, 0x00000000f3d00000, 0x0000000100000000)
  eden space 63488K, 100% used [0x00000000eab00000,0x00000000ee900000,0x00000000ee900000)
  from space 9728K, 98% used [0x00000000ee900000,0x00000000ef254940,0x00000000ef280000)
  to   space 11264K, 0% used [0x00000000f3200000,0x00000000f3200000,0x00000000f3d00000)
 ParOldGen       total 42496K, used 17914K [0x00000000c0000000, 0x00000000c2980000, 0x00000000eab00000)
  object space 42496K, 42% used [0x00000000c0000000,0x00000000c117ead8,0x00000000c2980000)
 Metaspace       used 7373K, capacity 7902K, committed 8192K, reserved 1056768K
  class space    used 687K, capacity 721K, committed 768K, reserved 1048576K
Event: 9.583 GC heap after
Heap after GC invocations=8 (full 0):
 PSYoungGen      total 137216K, used 10014K [0x00000000eab00000, 0x00000000f3f00000, 0x0000000100000000)
  eden space 125952K, 0% used [0x00000000eab00000,0x00000000eab00000,0x00000000f2600000)
  from space 11264K, 88% used [0x00000000f3200000,0x00000000f3bc78c0,0x00000000f3d00000)
  to   space 12288K, 0% used [0x00000000f2600000,0x00000000f2600000,0x00000000f3200000)
 ParOldGen       total 42496K, used 20787K [0x00000000c0000000, 0x00000000c2980000, 0x00000000eab00000)
  object space 42496K, 48% used [0x00000000c0000000,0x00000000c144ce68,0x00000000c2980000)
 Metaspace       used 7373K, capacity 7902K, committed 8192K, reserved 1056768K
  class space    used 687K, capacity 721K, committed 768K, reserved 1048576K
}
Event: 9.935 GC heap before
{Heap before GC invocations=9 (full 0):
 PSYoungGen      total 137216K, used 135966K [0x00000000eab00000, 0x00000000f3f00000, 0x0000000100000000)
  eden space 125952K, 100% used [0x00000000eab00000,0x00000000f2600000,0x00000000f2600000)
  from space 11264K, 88% used [0x00000000f3200000,0x00000000f3bc78c0,0x00000000f3d00000)
  to   space 12288K, 0% used [0x00000000f2600000,0x00000000f2600000,0x00000000f3200000)
 ParOldGen       total 42496K, used 20787K [0x00000000c0000000, 0x00000000c2980000, 0x00000000eab00000)
  object space 42496K, 48% used [0x00000000c0000000,0x00000000c144ce68,0x00000000c2980000)
 Metaspace       used 7378K, capacity 7902K, committed 8192K, reserved 1056768K
  class space    used 687K, capacity 721K, committed 768K, reserved 1048576K
Event: 9.943 GC heap after
Heap after GC invocations=9 (full 0):
 PSYoungGen      total 138240K, used 7277K [0x00000000eab00000, 0x00000000f8700000, 0x0000000100000000)
  eden space 125952K, 0% used [0x00000000eab00000,0x00000000eab00000,0x00000000f2600000)
  from space 12288K, 59% used [0x00000000f2600000,0x00000000f2d1b6b8,0x00000000f3200000)
  to   space 11776K, 0% used [0x00000000f7b80000,0x00000000f7b80000,0x00000000f8700000)
 ParOldGen       total 42496K, used 21115K [0x00000000c0000000, 0x00000000c2980000, 0x00000000eab00000)
  object space 42496K, 49% used [0x00000000c0000000,0x00000000c149ee80,0x00000000c2980000)
 Metaspace       used 7378K, capacity 7902K, committed 8192K, reserved 1056768K
  class space    used 687K, capacity 721K, committed 768K, reserved 1048576K
}
Event: 10.185 GC heap before
{Heap before GC invocations=10 (full 0):
 PSYoungGen      total 138240K, used 133229K [0x00000000eab00000, 0x00000000f8700000, 0x0000000100000000)
  eden space 125952K, 100% used [0x00000000eab00000,0x00000000f2600000,0x00000000f2600000)
  from space 12288K, 59% used [0x00000000f2600000,0x00000000f2d1b6b8,0x00000000f3200000)
  to   space 11776K, 0% used [0x00000000f7b80000,0x00000000f7b80000,0x00000000f8700000)
 ParOldGen       total 42496K, used 21115K [0x00000000c0000000, 0x00000000c2980000, 0x00000000eab00000)
  object space 42496K, 49% used [0x00000000c0000000,0x00000000c149ee80,0x00000000c2980000)
 Metaspace       used 7384K, capacity 7902K, committed 8192K, reserved 1056768K
  class space    used 687K, capacity 721K, committed 768K, reserved 1048576K
Event: 10.196 GC heap after
Heap after GC invocations=10 (full 0):
 PSYoungGen      total 212992K, used 10033K [0x00000000eab00000, 0x00000000f8800000, 0x0000000100000000)
  eden space 201216K, 0% used [0x00000000eab00000,0x00000000eab00000,0x00000000f6f80000)
  from space 11776K, 85% used [0x00000000f7b80000,0x00000000f854c650,0x00000000f8700000)
  to   space 12288K, 0% used [0x00000000f6f80000,0x00000000f6f80000,0x00000000f7b80000)
 ParOldGen       total 42496K, used 21123K [0x00000000c0000000, 0x00000000c2980000, 0x00000000eab00000)
  object space 42496K, 49% used [0x00000000c0000000,0x00000000c14a0e80,0x00000000c2980000)
 Metaspace       used 7384K, capacity 7902K, committed 8192K, reserved 1056768K
  class space    used 687K, capacity 721K, committed 768K, reserved 1048576K
}
Event: 10.678 GC heap before
{Heap before GC invocations=11 (full 0):
 PSYoungGen      total 212992K, used 211249K [0x00000000eab00000, 0x00000000f8800000, 0x0000000100000000)
  eden space 201216K, 100% used [0x00000000eab00000,0x00000000f6f80000,0x00000000f6f80000)
  from space 11776K, 85% used [0x00000000f7b80000,0x00000000f854c650,0x00000000f8700000)
  to   space 12288K, 0% used [0x00000000f6f80000,0x00000000f6f80000,0x00000000f7b80000)
 ParOldGen       total 42496K, used 21123K [0x00000000c0000000, 0x00000000c2980000, 0x00000000eab00000)
  object space 42496K, 49% used [0x00000000c0000000,0x00000000c14a0e80,0x00000000c2980000)
 Metaspace       used 7401K, capacity 7902K, committed 8192K, reserved 1056768K
  class space    used 687K, capacity 721K, committed 768K, reserved 1048576K

