# JRE version: OpenJDK Runtime Environment (8.0_45-b14) (build 1.8.0_45-internal-b14)
# Java VM: OpenJDK 64-Bit Server VM (25.45-b02 mixed mode linux-amd64 compressed oops)
Heap:
 PSYoungGen      total 212992K, used 6312K [0x00000000eab00000, 0x00000000f8580000, 0x0000000100000000)
  eden space 202752K, 0% used [0x00000000eab00000,0x00000000eab00000,0x00000000f7100000)
  from space 10240K, 61% used [0x00000000f7100000,0x00000000f772a2d0,0x00000000f7b00000)
  to   space 9728K, 0% used [0x00000000f7b00000,0x00000000f7b00000,0x00000000f8480000)
 ParOldGen       total 56832K, used 51719K [0x00000000c0000000, 0x00000000c3780000, 0x00000000eab00000)
  object space 56832K, 91% used [0x00000000c0000000,0x00000000c3281cc8,0x00000000c3780000)
 Metaspace       used 7510K, capacity 8030K, committed 8192K, reserved 1056768K
  class space    used 690K, capacity 721K, committed 768K, reserved 1048576K
GC Heap History (10 events):
Event: 2.929 GC heap after
Heap after GC invocations=6 (full 0):
 PSYoungGen      total 73216K, used 7180K [0x00000000eab00000, 0x00000000efc00000, 0x0000000100000000)
  eden space 63488K, 0% used [0x00000000eab00000,0x00000000eab00000,0x00000000ee900000)
  from space 9728K, 73% used [0x00000000ef280000,0x00000000ef9832a0,0x00000000efc00000)
  to   space 9728K, 0% used [0x00000000ee900000,0x00000000ee900000,0x00000000ef280000)
 ParOldGen       total 42496K, used 18819K [0x00000000c0000000, 0x00000000c2980000, 0x00000000eab00000)
  object space 42496K, 44% used [0x00000000c0000000,0x00000000c1260ed8,0x00000000c2980000)
 Metaspace       used 7382K, capacity 8024K, committed 8192K, reserved 1056768K
  class space    used 681K, capacity 720K, committed 768K, reserved 1048576K
}
Event: 3.213 GC heap before
{Heap before GC invocations=7 (full 0):
 PSYoungGen      total 73216K, used 70668K [0x00000000eab00000, 0x00000000efc00000, 0x0000000100000000)
  eden space 63488K, 100% used [0x00000000eab00000,0x00000000ee900000,0x00000000ee900000)
  from space 9728K, 73% used [0x00000000ef280000,0x00000000ef9832a0,0x00000000efc00000)
  to   space 9728K, 0% used [0x00000000ee900000,0x00000000ee900000,0x00000000ef280000)
 ParOldGen       total 42496K, used 18819K [0x00000000c0000000, 0x00000000c2980000, 0x00000000eab00000)
  object space 42496K, 44% used [0x00000000c0000000,0x00000000c1260ed8,0x00000000c2980000)
 Metaspace       used 7481K, capacity 8030K, committed 8192K, reserved 1056768K
  class space    used 690K, capacity 721K, committed 768K, reserved 1048576K
Event: 3.241 GC heap after
Heap after GC invocations=7 (full 0):
 PSYoungGen      total 73216K, used 6585K [0x00000000eab00000, 0x00000000f3900000, 0x0000000100000000)
  eden space 63488K, 0% used [0x00000000eab00000,0x00000000eab00000,0x00000000ee900000)
  from space 9728K, 67% used [0x00000000ee900000,0x00000000eef6e518,0x00000000ef280000)
  to   space 9216K, 0% used [0x00000000f3000000,0x00000000f3000000,0x00000000f3900000)
 ParOldGen       total 42496K, used 19960K [0x00000000c0000000, 0x00000000c2980000, 0x00000000eab00000)
  object space 42496K, 46% used [0x00000000c0000000,0x00000000c137e3c8,0x00000000c2980000)
 Metaspace       used 7481K, capacity 8030K, committed 8192K, reserved 1056768K
  class space    used 690K, capacity 721K, committed 768K, reserved 1048576K
}
Event: 3.477 GC heap before
{Heap before GC invocations=8 (full 0):
 PSYoungGen      total 73216K, used 70073K [0x00000000eab00000, 0x00000000f3900000, 0x0000000100000000)
  eden space 63488K, 100% used [0x00000000eab00000,0x00000000ee900000,0x00000000ee900000)
  from space 9728K, 67% used [0x00000000ee900000,0x00000000eef6e518,0x00000000ef280000)
  to   space 9216K, 0% used [0x00000000f3000000,0x00000000f3000000,0x00000000f3900000)
 ParOldGen       total 42496K, used 19960K [0x00000000c0000000, 0x00000000c2980000, 0x00000000eab00000)
  object space 42496K, 46% used [0x00000000c0000000,0x00000000c137e3c8,0x00000000c2980000)
 Metaspace       used 7492K, capacity 8030K, committed 8192K, reserved 1056768K
  class space    used 690K, capacity 721K, committed 768K, reserved 1048576K
Event: 3.509 GC heap after
Heap after GC invocations=8 (full 0):
 PSYoungGen      total 136192K, used 5870K [0x00000000eab00000, 0x00000000f3900000, 0x0000000100000000)
  eden space 126976K, 0% used [0x00000000eab00000,0x00000000eab00000,0x00000000f2700000)
  from space 9216K, 63% used [0x00000000f3000000,0x00000000f35bbba0,0x00000000f3900000)
  to   space 9216K, 0% used [0x00000000f2700000,0x00000000f2700000,0x00000000f3000000)
 ParOldGen       total 42496K, used 20772K [0x00000000c0000000, 0x00000000c2980000, 0x00000000eab00000)
  object space 42496K, 48% used [0x00000000c0000000,0x00000000c1449280,0x00000000c2980000)
 Metaspace       used 7492K, capacity 8030K, committed 8192K, reserved 1056768K
  class space    used 690K, capacity 721K, committed 768K, reserved 1048576K
}
Event: 3.968 GC heap before
{Heap before GC invocations=9 (full 0):
 PSYoungGen      total 136192K, used 132846K [0x00000000eab00000, 0x00000000f3900000, 0x0000000100000000)
  eden space 126976K, 100% used [0x00000000eab00000,0x00000000f2700000,0x00000000f2700000)
  from space 9216K, 63% used [0x00000000f3000000,0x00000000f35bbba0,0x00000000f3900000)
  to   space 9216K, 0% used [0x00000000f2700000,0x00000000f2700000,0x00000000f3000000)
 ParOldGen       total 42496K, used 20772K [0x00000000c0000000, 0x00000000c2980000, 0x00000000eab00000)
  object space 42496K, 48% used [0x00000000c0000000,0x00000000c1449280,0x00000000c2980000)
 Metaspace       used 7498K, capacity 8030K, committed 8192K, reserved 1056768K
  class space    used 690K, capacity 721K, committed 768K, reserved 1048576K
Event: 3.978 GC heap after
Heap after GC invocations=9 (full 0):
 PSYoungGen      total 136192K, used 8091K [0x00000000eab00000, 0x00000000f8480000, 0x0000000100000000)
  eden space 126976K, 0% used [0x00000000eab00000,0x00000000eab00000,0x00000000f2700000)
  from space 9216K, 87% used [0x00000000f2700000,0x00000000f2ee6f80,0x00000000f3000000)
  to   space 9728K, 0% used [0x00000000f7b00000,0x00000000f7b00000,0x00000000f8480000)
 ParOldGen       total 42496K, used 24540K [0x00000000c0000000, 0x00000000c2980000, 0x00000000eab00000)
  object space 42496K, 57% used [0x00000000c0000000,0x00000000c17f7388,0x00000000c2980000)
 Metaspace       used 7498K, capacity 8030K, committed 8192K, reserved 1056768K
  class space    used 690K, capacity 721K, committed 768K, reserved 1048576K
}
Event: 4.360 GC heap before
{Heap before GC invocations=10 (full 0):
 PSYoungGen      total 136192K, used 135067K [0x00000000eab00000, 0x00000000f8480000, 0x0000000100000000)
  eden space 126976K, 100% used [0x00000000eab00000,0x00000000f2700000,0x00000000f2700000)
  from space 9216K, 87% used [0x00000000f2700000,0x00000000f2ee6f80,0x00000000f3000000)
  to   space 9728K, 0% used [0x00000000f7b00000,0x00000000f7b00000,0x00000000f8480000)
 ParOldGen       total 42496K, used 24540K [0x00000000c0000000, 0x00000000c2980000, 0x00000000eab00000)
  object space 42496K, 57% used [0x00000000c0000000,0x00000000c17f7388,0x00000000c2980000)
 Metaspace       used 7503K, capacity 8030K, committed 8192K, reserved 1056768K
  class space    used 690K, capacity 721K, committed 768K, reserved 1048576K
Event: 4.387 GC heap after
Heap after GC invocations=10 (full 0):
 PSYoungGen      total 212480K, used 9213K [0x00000000eab00000, 0x00000000f8580000, 0x0000000100000000)
  eden space 202752K, 0% used [0x00000000eab00000,0x00000000eab00000,0x00000000f7100000)
  from space 9728K, 94% used [0x00000000f7b00000,0x00000000f83ff7a0,0x00000000f8480000)
  to   space 10240K, 0% used [0x00000000f7100000,0x00000000f7100000,0x00000000f7b00000)
 ParOldGen       total 42496K, used 24556K [0x00000000c0000000, 0x00000000c2980000, 0x00000000eab00000)
  object space 42496K, 57% used [0x00000000c0000000,0x00000000c17fb388,0x00000000c2980000)
 Metaspace       used 7503K, capacity 8030K, committed 8192K, reserved 1056768K
  class space    used 690K, capacity 721K, committed 768K, reserved 1048576K
}
Event: 4.745 GC heap before
{Heap before GC invocations=11 (full 0):
 PSYoungGen      total 212480K, used 211965K [0x00000000eab00000, 0x00000000f8580000, 0x0000000100000000)
  eden space 202752K, 100% used [0x00000000eab00000,0x00000000f7100000,0x00000000f7100000)
  from space 9728K, 94% used [0x00000000f7b00000,0x00000000f83ff7a0,0x00000000f8480000)
  to   space 10240K, 0% used [0x00000000f7100000,0x00000000f7100000,0x00000000f7b00000)
 ParOldGen       total 42496K, used 24556K [0x00000000c0000000, 0x00000000c2980000, 0x00000000eab00000)
  object space 42496K, 57% used [0x00000000c0000000,0x00000000c17fb388,0x00000000c2980000)
 Metaspace       used 7510K, capacity 8030K, committed 8192K, reserved 1056768K
  class space    used 690K, capacity 721K, committed 768K, reserved 1048576K

