# JRE version: OpenJDK Runtime Environment (8.0_45-b14) (build 1.8.0_45-internal-b14)
# Java VM: OpenJDK 64-Bit Server VM (25.45-b02 mixed mode linux-amd64 compressed oops)
Heap:
 PSYoungGen      total 213504K, used 10560K [0x00000000eab00000, 0x00000000f8800000, 0x0000000100000000)
  eden space 201728K, 0% used [0x00000000eab00000,0x00000000eab00000,0x00000000f7000000)
  from space 11776K, 89% used [0x00000000f7000000,0x00000000f7a501e0,0x00000000f7b80000)
  to   space 10752K, 0% used [0x00000000f7b80000,0x00000000f7b80000,0x00000000f8600000)
 ParOldGen       total 49664K, used 44601K [0x00000000c0000000, 0x00000000c3080000, 0x00000000eab00000)
  object space 49664K, 89% used [0x00000000c0000000,0x00000000c2b8e668,0x00000000c3080000)
 Metaspace       used 7495K, capacity 8030K, committed 8192K, reserved 1056768K
  class space    used 690K, capacity 721K, committed 768K, reserved 1048576K
GC Heap History (10 events):
Event: 3.440 GC heap after
Heap after GC invocations=6 (full 0):
 PSYoungGen      total 74752K, used 4965K [0x00000000eab00000, 0x00000000eff00000, 0x0000000100000000)
  eden space 63488K, 0% used [0x00000000eab00000,0x00000000eab00000,0x00000000ee900000)
  from space 11264K, 44% used [0x00000000ef400000,0x00000000ef8d9778,0x00000000eff00000)
  to   space 11264K, 0% used [0x00000000ee900000,0x00000000ee900000,0x00000000ef400000)
 ParOldGen       total 42496K, used 21396K [0x00000000c0000000, 0x00000000c2980000, 0x00000000eab00000)
  object space 42496K, 50% used [0x00000000c0000000,0x00000000c14e5338,0x00000000c2980000)
 Metaspace       used 7367K, capacity 8024K, committed 8192K, reserved 1056768K
  class space    used 681K, capacity 720K, committed 768K, reserved 1048576K
}
Event: 3.718 GC heap before
{Heap before GC invocations=7 (full 0):
 PSYoungGen      total 74752K, used 68453K [0x00000000eab00000, 0x00000000eff00000, 0x0000000100000000)
  eden space 63488K, 100% used [0x00000000eab00000,0x00000000ee900000,0x00000000ee900000)
  from space 11264K, 44% used [0x00000000ef400000,0x00000000ef8d9778,0x00000000eff00000)
  to   space 11264K, 0% used [0x00000000ee900000,0x00000000ee900000,0x00000000ef400000)
 ParOldGen       total 42496K, used 21396K [0x00000000c0000000, 0x00000000c2980000, 0x00000000eab00000)
  object space 42496K, 50% used [0x00000000c0000000,0x00000000c14e5338,0x00000000c2980000)
 Metaspace       used 7466K, capacity 8030K, committed 8192K, reserved 1056768K
  class space    used 690K, capacity 721K, committed 768K, reserved 1048576K
Event: 3.738 GC heap after
Heap after GC invocations=7 (full 0):
 PSYoungGen      total 74752K, used 5498K [0x00000000eab00000, 0x00000000f3c00000, 0x0000000100000000)
  eden space 63488K, 0% used [0x00000000eab00000,0x00000000eab00000,0x00000000ee900000)
  from space 11264K, 48% used [0x00000000ee900000,0x00000000eee5e850,0x00000000ef400000)
  to   space 10752K, 0% used [0x00000000f3180000,0x00000000f3180000,0x00000000f3c00000)
 ParOldGen       total 42496K, used 22443K [0x00000000c0000000, 0x00000000c2980000, 0x00000000eab00000)
  object space 42496K, 52% used [0x00000000c0000000,0x00000000c15eae98,0x00000000c2980000)
 Metaspace       used 7466K, capacity 8030K, committed 8192K, reserved 1056768K
  class space    used 690K, capacity 721K, committed 768K, reserved 1048576K
}
Event: 3.959 GC heap before
{Heap before GC invocations=8 (full 0):
 PSYoungGen      total 74752K, used 68986K [0x00000000eab00000, 0x00000000f3c00000, 0x0000000100000000)
  eden space 63488K, 100% used [0x00000000eab00000,0x00000000ee900000,0x00000000ee900000)
  from space 11264K, 48% used [0x00000000ee900000,0x00000000eee5e850,0x00000000ef400000)
  to   space 10752K, 0% used [0x00000000f3180000,0x00000000f3180000,0x00000000f3c00000)
 ParOldGen       total 42496K, used 22443K [0x00000000c0000000, 0x00000000c2980000, 0x00000000eab00000)
  object space 42496K, 52% used [0x00000000c0000000,0x00000000c15eae98,0x00000000c2980000)
 Metaspace       used 7477K, capacity 8030K, committed 8192K, reserved 1056768K
  class space    used 690K, capacity 721K, committed 768K, reserved 1048576K
Event: 3.971 GC heap after
Heap after GC invocations=8 (full 0):
 PSYoungGen      total 137216K, used 8156K [0x00000000eab00000, 0x00000000f3d00000, 0x0000000100000000)
  eden space 126464K, 0% used [0x00000000eab00000,0x00000000eab00000,0x00000000f2680000)
  from space 10752K, 75% used [0x00000000f3180000,0x00000000f3977340,0x00000000f3c00000)
  to   space 11264K, 0% used [0x00000000f2680000,0x00000000f2680000,0x00000000f3180000)
 ParOldGen       total 42496K, used 23364K [0x00000000c0000000, 0x00000000c2980000, 0x00000000eab00000)
  object space 42496K, 54% used [0x00000000c0000000,0x00000000c16d1260,0x00000000c2980000)
 Metaspace       used 7477K, capacity 8030K, committed 8192K, reserved 1056768K
  class space    used 690K, capacity 721K, committed 768K, reserved 1048576K
}
Event: 4.400 GC heap before
{Heap before GC invocations=9 (full 0):
 PSYoungGen      total 137216K, used 134620K [0x00000000eab00000, 0x00000000f3d00000, 0x0000000100000000)
  eden space 126464K, 100% used [0x00000000eab00000,0x00000000f2680000,0x00000000f2680000)
  from space 10752K, 75% used [0x00000000f3180000,0x00000000f3977340,0x00000000f3c00000)
  to   space 11264K, 0% used [0x00000000f2680000,0x00000000f2680000,0x00000000f3180000)
 ParOldGen       total 42496K, used 23364K [0x00000000c0000000, 0x00000000c2980000, 0x00000000eab00000)
  object space 42496K, 54% used [0x00000000c0000000,0x00000000c16d1260,0x00000000c2980000)
 Metaspace       used 7482K, capacity 8030K, committed 8192K, reserved 1056768K
  class space    used 690K, capacity 721K, committed 768K, reserved 1048576K
Event: 4.412 GC heap after
Heap after GC invocations=9 (full 0):
 PSYoungGen      total 137728K, used 5614K [0x00000000eab00000, 0x00000000f8600000, 0x0000000100000000)
  eden space 126464K, 0% used [0x00000000eab00000,0x00000000eab00000,0x00000000f2680000)
  from space 11264K, 49% used [0x00000000f2680000,0x00000000f2bfbb80,0x00000000f3180000)
  to   space 10752K, 0% used [0x00000000f7b80000,0x00000000f7b80000,0x00000000f8600000)
 ParOldGen       total 42496K, used 24077K [0x00000000c0000000, 0x00000000c2980000, 0x00000000eab00000)
  object space 42496K, 56% used [0x00000000c0000000,0x00000000c1783778,0x00000000c2980000)
 Metaspace       used 7482K, capacity 8030K, committed 8192K, reserved 1056768K
  class space    used 690K, capacity 721K, committed 768K, reserved 1048576K
}
Event: 4.684 GC heap before
{Heap before GC invocations=10 (full 0):
 PSYoungGen      total 137728K, used 132078K [0x00000000eab00000, 0x00000000f8600000, 0x0000000100000000)
  eden space 126464K, 100% used [0x00000000eab00000,0x00000000f2680000,0x00000000f2680000)
  from space 11264K, 49% used [0x00000000f2680000,0x00000000f2bfbb80,0x00000000f3180000)
  to   space 10752K, 0% used [0x00000000f7b80000,0x00000000f7b80000,0x00000000f8600000)
 ParOldGen       total 42496K, used 24077K [0x00000000c0000000, 0x00000000c2980000, 0x00000000eab00000)
  object space 42496K, 56% used [0x00000000c0000000,0x00000000c1783778,0x00000000c2980000)
 Metaspace       used 7487K, capacity 8030K, committed 8192K, reserved 1056768K
  class space    used 690K, capacity 721K, committed 768K, reserved 1048576K
Event: 4.732 GC heap after
Heap after GC invocations=10 (full 0):
 PSYoungGen      total 212480K, used 10732K [0x00000000eab00000, 0x00000000f8800000, 0x0000000100000000)
  eden space 201728K, 0% used [0x00000000eab00000,0x00000000eab00000,0x00000000f7000000)
  from space 10752K, 99% used [0x00000000f7b80000,0x00000000f85fb1d0,0x00000000f8600000)
  to   space 11776K, 0% used [0x00000000f7000000,0x00000000f7000000,0x00000000f7b80000)
 ParOldGen       total 42496K, used 24229K [0x00000000c0000000, 0x00000000c2980000, 0x00000000eab00000)
  object space 42496K, 57% used [0x00000000c0000000,0x00000000c17a9778,0x00000000c2980000)
 Metaspace       used 7487K, capacity 8030K, committed 8192K, reserved 1056768K
  class space    used 690K, capacity 721K, committed 768K, reserved 1048576K
}
Event: 5.170 GC heap before
{Heap before GC invocations=11 (full 0):
 PSYoungGen      total 212480K, used 212460K [0x00000000eab00000, 0x00000000f8800000, 0x0000000100000000)
  eden space 201728K, 100% used [0x00000000eab00000,0x00000000f7000000,0x00000000f7000000)
  from space 10752K, 99% used [0x00000000f7b80000,0x00000000f85fb1d0,0x00000000f8600000)
  to   space 11776K, 0% used [0x00000000f7000000,0x00000000f7000000,0x00000000f7b80000)
 ParOldGen       total 42496K, used 24229K [0x00000000c0000000, 0x00000000c2980000, 0x00000000eab00000)
  object space 42496K, 57% used [0x00000000c0000000,0x00000000c17a9778,0x00000000c2980000)
 Metaspace       used 7495K, capacity 8030K, committed 8192K, reserved 1056768K
  class space    used 690K, capacity 721K, committed 768K, reserved 1048576K

