# JRE version: OpenJDK Runtime Environment (8.0_45-b14) (build 1.8.0_45-internal-b14)
# Java VM: OpenJDK 64-Bit Server VM (25.45-b02 mixed mode linux-amd64 compressed oops)
Heap:
 PSYoungGen      total 208384K, used 10231K [0x00000000eab00000, 0x00000000f8100000, 0x0000000100000000)
  eden space 198144K, 0% used [0x00000000eab00000,0x00000000eab00000,0x00000000f6c80000)
  from space 10240K, 99% used [0x00000000f6c80000,0x00000000f767dc70,0x00000000f7680000)
  to   space 9728K, 0% used [0x00000000f7680000,0x00000000f7680000,0x00000000f8000000)
 ParOldGen       total 45568K, used 43738K [0x00000000c0000000, 0x00000000c2c80000, 0x00000000eab00000)
  object space 45568K, 95% used [0x00000000c0000000,0x00000000c2ab6bb8,0x00000000c2c80000)
 Metaspace       used 7360K, capacity 7902K, committed 8192K, reserved 1056768K
  class space    used 687K, capacity 721K, committed 768K, reserved 1048576K
GC Heap History (10 events):
Event: 5.293 GC heap after
Heap after GC invocations=6 (full 0):
 PSYoungGen      total 70656K, used 8570K [0x00000000eab00000, 0x00000000efd00000, 0x0000000100000000)
  eden space 61952K, 0% used [0x00000000eab00000,0x00000000eab00000,0x00000000ee780000)
  from space 8704K, 98% used [0x00000000ef180000,0x00000000ef9de8a8,0x00000000efa00000)
  to   space 10240K, 0% used [0x00000000ee780000,0x00000000ee780000,0x00000000ef180000)
 ParOldGen       total 42496K, used 17662K [0x00000000c0000000, 0x00000000c2980000, 0x00000000eab00000)
  object space 42496K, 41% used [0x00000000c0000000,0x00000000c113f8f0,0x00000000c2980000)
 Metaspace       used 7231K, capacity 7896K, committed 8192K, reserved 1056768K
  class space    used 678K, capacity 720K, committed 768K, reserved 1048576K
}
Event: 5.487 GC heap before
{Heap before GC invocations=7 (full 0):
 PSYoungGen      total 70656K, used 70522K [0x00000000eab00000, 0x00000000efd00000, 0x0000000100000000)
  eden space 61952K, 100% used [0x00000000eab00000,0x00000000ee780000,0x00000000ee780000)
  from space 8704K, 98% used [0x00000000ef180000,0x00000000ef9de8a8,0x00000000efa00000)
  to   space 10240K, 0% used [0x00000000ee780000,0x00000000ee780000,0x00000000ef180000)
 ParOldGen       total 42496K, used 17662K [0x00000000c0000000, 0x00000000c2980000, 0x00000000eab00000)
  object space 42496K, 41% used [0x00000000c0000000,0x00000000c113f8f0,0x00000000c2980000)
 Metaspace       used 7330K, capacity 7902K, committed 8192K, reserved 1056768K
  class space    used 687K, capacity 721K, committed 768K, reserved 1048576K
Event: 5.513 GC heap after
Heap after GC invocations=7 (full 0):
 PSYoungGen      total 72192K, used 6103K [0x00000000eab00000, 0x00000000f3700000, 0x0000000100000000)
  eden space 61952K, 0% used [0x00000000eab00000,0x00000000eab00000,0x00000000ee780000)
  from space 10240K, 59% used [0x00000000ee780000,0x00000000eed75fd0,0x00000000ef180000)
  to   space 9728K, 0% used [0x00000000f2d80000,0x00000000f2d80000,0x00000000f3700000)
 ParOldGen       total 42496K, used 19481K [0x00000000c0000000, 0x00000000c2980000, 0x00000000eab00000)
  object space 42496K, 45% used [0x00000000c0000000,0x00000000c13065d0,0x00000000c2980000)
 Metaspace       used 7330K, capacity 7902K, committed 8192K, reserved 1056768K
  class space    used 687K, capacity 721K, committed 768K, reserved 1048576K
}
Event: 5.655 GC heap before
{Heap before GC invocations=8 (full 0):
 PSYoungGen      total 72192K, used 68055K [0x00000000eab00000, 0x00000000f3700000, 0x0000000100000000)
  eden space 61952K, 100% used [0x00000000eab00000,0x00000000ee780000,0x00000000ee780000)
  from space 10240K, 59% used [0x00000000ee780000,0x00000000eed75fd0,0x00000000ef180000)
  to   space 9728K, 0% used [0x00000000f2d80000,0x00000000f2d80000,0x00000000f3700000)
 ParOldGen       total 42496K, used 19481K [0x00000000c0000000, 0x00000000c2980000, 0x00000000eab00000)
  object space 42496K, 45% used [0x00000000c0000000,0x00000000c13065d0,0x00000000c2980000)
 Metaspace       used 7338K, capacity 7902K, committed 8192K, reserved 1056768K
  class space    used 687K, capacity 721K, committed 768K, reserved 1048576K
Event: 5.679 GC heap after
Heap after GC invocations=8 (full 0):
 PSYoungGen      total 132608K, used 5124K [0x00000000eab00000, 0x00000000f3600000, 0x0000000100000000)
  eden space 123904K, 0% used [0x00000000eab00000,0x00000000eab00000,0x00000000f2400000)
  from space 8704K, 58% used [0x00000000f2d80000,0x00000000f32813d8,0x00000000f3600000)
  to   space 9216K, 0% used [0x00000000f2400000,0x00000000f2400000,0x00000000f2d00000)
 ParOldGen       total 42496K, used 20238K [0x00000000c0000000, 0x00000000c2980000, 0x00000000eab00000)
  object space 42496K, 47% used [0x00000000c0000000,0x00000000c13c3978,0x00000000c2980000)
 Metaspace       used 7338K, capacity 7902K, committed 8192K, reserved 1056768K
  class space    used 687K, capacity 721K, committed 768K, reserved 1048576K
}
Event: 6.063 GC heap before
{Heap before GC invocations=9 (full 0):
 PSYoungGen      total 132608K, used 129028K [0x00000000eab00000, 0x00000000f3600000, 0x0000000100000000)
  eden space 123904K, 100% used [0x00000000eab00000,0x00000000f2400000,0x00000000f2400000)
  from space 8704K, 58% used [0x00000000f2d80000,0x00000000f32813d8,0x00000000f3600000)
  to   space 9216K, 0% used [0x00000000f2400000,0x00000000f2400000,0x00000000f2d00000)
 ParOldGen       total 42496K, used 20238K [0x00000000c0000000, 0x00000000c2980000, 0x00000000eab00000)
  object space 42496K, 47% used [0x00000000c0000000,0x00000000c13c3978,0x00000000c2980000)
 Metaspace       used 7344K, capacity 7902K, committed 8192K, reserved 1056768K
  class space    used 687K, capacity 721K, committed 768K, reserved 1048576K
Event: 6.080 GC heap after
Heap after GC invocations=9 (full 0):
 PSYoungGen      total 133120K, used 7293K [0x00000000eab00000, 0x00000000f8000000, 0x0000000100000000)
  eden space 123904K, 0% used [0x00000000eab00000,0x00000000eab00000,0x00000000f2400000)
  from space 9216K, 79% used [0x00000000f2400000,0x00000000f2b1f6c8,0x00000000f2d00000)
  to   space 9728K, 0% used [0x00000000f7680000,0x00000000f7680000,0x00000000f8000000)
 ParOldGen       total 42496K, used 20286K [0x00000000c0000000, 0x00000000c2980000, 0x00000000eab00000)
  object space 42496K, 47% used [0x00000000c0000000,0x00000000c13cf978,0x00000000c2980000)
 Metaspace       used 7344K, capacity 7902K, committed 8192K, reserved 1056768K
  class space    used 687K, capacity 721K, committed 768K, reserved 1048576K
}
Event: 6.478 GC heap before
{Heap before GC invocations=10 (full 0):
 PSYoungGen      total 133120K, used 131197K [0x00000000eab00000, 0x00000000f8000000, 0x0000000100000000)
  eden space 123904K, 100% used [0x00000000eab00000,0x00000000f2400000,0x00000000f2400000)
  from space 9216K, 79% used [0x00000000f2400000,0x00000000f2b1f6c8,0x00000000f2d00000)
  to   space 9728K, 0% used [0x00000000f7680000,0x00000000f7680000,0x00000000f8000000)
 ParOldGen       total 42496K, used 20286K [0x00000000c0000000, 0x00000000c2980000, 0x00000000eab00000)
  object space 42496K, 47% used [0x00000000c0000000,0x00000000c13cf978,0x00000000c2980000)
 Metaspace       used 7349K, capacity 7902K, committed 8192K, reserved 1056768K
  class space    used 687K, capacity 721K, committed 768K, reserved 1048576K
Event: 6.501 GC heap after
Heap after GC invocations=10 (full 0):
 PSYoungGen      total 207872K, used 8955K [0x00000000eab00000, 0x00000000f8100000, 0x0000000100000000)
  eden space 198144K, 0% used [0x00000000eab00000,0x00000000eab00000,0x00000000f6c80000)
  from space 9728K, 92% used [0x00000000f7680000,0x00000000f7f3ecf8,0x00000000f8000000)
  to   space 10240K, 0% used [0x00000000f6c80000,0x00000000f6c80000,0x00000000f7680000)
 ParOldGen       total 42496K, used 28421K [0x00000000c0000000, 0x00000000c2980000, 0x00000000eab00000)
  object space 42496K, 66% used [0x00000000c0000000,0x00000000c1bc1570,0x00000000c2980000)
 Metaspace       used 7349K, capacity 7902K, committed 8192K, reserved 1056768K
  class space    used 687K, capacity 721K, committed 768K, reserved 1048576K
}
Event: 7.063 GC heap before
{Heap before GC invocations=11 (full 0):
 PSYoungGen      total 207872K, used 207099K [0x00000000eab00000, 0x00000000f8100000, 0x0000000100000000)
  eden space 198144K, 100% used [0x00000000eab00000,0x00000000f6c80000,0x00000000f6c80000)
  from space 9728K, 92% used [0x00000000f7680000,0x00000000f7f3ecf8,0x00000000f8000000)
  to   space 10240K, 0% used [0x00000000f6c80000,0x00000000f6c80000,0x00000000f7680000)
 ParOldGen       total 42496K, used 28421K [0x00000000c0000000, 0x00000000c2980000, 0x00000000eab00000)
  object space 42496K, 66% used [0x00000000c0000000,0x00000000c1bc1570,0x00000000c2980000)
 Metaspace       used 7360K, capacity 7902K, committed 8192K, reserved 1056768K
  class space    used 687K, capacity 721K, committed 768K, reserved 1048576K

